2019-03-01 11:02:27,133 INFO  DownloadService - Downloading "https://github.com/Trendyol/BubbleScrollBar/archive/master.zip", attempt 3
2019-03-01 11:02:35,989 INFO  DownloadService - Downloaded https://github.com/Trendyol/BubbleScrollBar/archive/master.zip, attempt 3
2019-03-01 11:02:35,989 INFO  DownloadService - Size of file "/var/folders/bq/vtzpc5ns5sg2cthy61lqpg3dfzgbys/T/1551412947130-0/master.zip": 4 MB
2019-03-01 11:02:35,989 INFO  ArchiveUtils - Checking entries [.gradle] in ZIP file...
2019-03-01 11:02:35,996 INFO  ArchiveUtils - Has entries [.gradle] in ZIP file /var/folders/bq/vtzpc5ns5sg2cthy61lqpg3dfzgbys/T/1551412947130-0/master.zip: true
2019-03-01 11:02:35,996 DEBUG ZipUtil - Extracting '/var/folders/bq/vtzpc5ns5sg2cthy61lqpg3dfzgbys/T/1551412947130-0/master.zip' into '/var/folders/bq/vtzpc5ns5sg2cthy61lqpg3dfzgbys/T/1551412947130-0/src'.
2019-03-01 11:02:36,061 INFO  FullProcessService - Size of directory with sources: 4 MB
2019-03-01 11:02:36,061 INFO  SysUtils - Execute command: [git, init, /var/folders/bq/vtzpc5ns5sg2cthy61lqpg3dfzgbys/T/1551412947130-0/src]
2019-03-01 11:02:36,079 INFO  SysUtils - Initialized empty Git repository in /private/var/folders/bq/vtzpc5ns5sg2cthy61lqpg3dfzgbys/T/1551412947130-0/src/.git/

2019-03-01 11:02:36,083 INFO  ProjectBuildService - Gradle wrapper(s): /var/folders/bq/vtzpc5ns5sg2cthy61lqpg3dfzgbys/T/1551412947130-0/src/BubbleScrollBar-master/gradlew
2019-03-01 11:02:36,088 INFO  ProjectBuildService - Build script(s): /var/folders/bq/vtzpc5ns5sg2cthy61lqpg3dfzgbys/T/1551412947130-0/src/BubbleScrollBar-master/app/build.gradle /var/folders/bq/vtzpc5ns5sg2cthy61lqpg3dfzgbys/T/1551412947130-0/src/BubbleScrollBar-master/bubblescrollbarlib/build.gradle /var/folders/bq/vtzpc5ns5sg2cthy61lqpg3dfzgbys/T/1551412947130-0/src/BubbleScrollBar-master/common/build.gradle /var/folders/bq/vtzpc5ns5sg2cthy61lqpg3dfzgbys/T/1551412947130-0/src/BubbleScrollBar-master/build.gradle
2019-03-01 11:02:36,092 INFO  ProjectBuildService - All script(s): /var/folders/bq/vtzpc5ns5sg2cthy61lqpg3dfzgbys/T/1551412947130-0/src/BubbleScrollBar-master/bubblescrollbarlib/build.gradle /var/folders/bq/vtzpc5ns5sg2cthy61lqpg3dfzgbys/T/1551412947130-0/src/BubbleScrollBar-master/app/build.gradle /var/folders/bq/vtzpc5ns5sg2cthy61lqpg3dfzgbys/T/1551412947130-0/src/BubbleScrollBar-master/common/build.gradle /var/folders/bq/vtzpc5ns5sg2cthy61lqpg3dfzgbys/T/1551412947130-0/src/BubbleScrollBar-master/build.gradle /var/folders/bq/vtzpc5ns5sg2cthy61lqpg3dfzgbys/T/1551412947130-0/src/BubbleScrollBar-master/settings.gradle
2019-03-01 11:02:36,092 INFO  ProjectBuildService - Remote scripts: none
2019-03-01 11:02:36,092 INFO  ProjectFixService - Fixing project...
2019-03-01 11:02:36,101 INFO  LocalPropertiesFixService - Created fake /var/folders/bq/vtzpc5ns5sg2cthy61lqpg3dfzgbys/T/1551412947130-0/src/BubbleScrollBar-master/app/local.properties
2019-03-01 11:02:36,102 INFO  ProjectFixService - Build info for "/var/folders/bq/vtzpc5ns5sg2cthy61lqpg3dfzgbys/T/1551412947130-0/src/BubbleScrollBar-master/app/build.gradle": [buildToolsVersion=<null>,compileSdkVersion=28,minSdkVersion=19,targetSdkVersion=28]
2019-03-01 11:02:36,103 INFO  ProjectFixService - Fixed build info for "/var/folders/bq/vtzpc5ns5sg2cthy61lqpg3dfzgbys/T/1551412947130-0/src/BubbleScrollBar-master/app/build.gradle": [buildToolsVersion=28.0.0-rc2,compileSdkVersion=28,minSdkVersion=19,targetSdkVersion=28]
2019-03-01 11:02:36,104 INFO  LocalPropertiesFixService - Created fake /var/folders/bq/vtzpc5ns5sg2cthy61lqpg3dfzgbys/T/1551412947130-0/src/BubbleScrollBar-master/bubblescrollbarlib/local.properties
2019-03-01 11:02:36,104 INFO  ProjectFixService - Build info for "/var/folders/bq/vtzpc5ns5sg2cthy61lqpg3dfzgbys/T/1551412947130-0/src/BubbleScrollBar-master/bubblescrollbarlib/build.gradle": [buildToolsVersion=<null>,compileSdkVersion=28,minSdkVersion=19,targetSdkVersion=28]
2019-03-01 11:02:36,105 INFO  ProjectFixService - Fixed build info for "/var/folders/bq/vtzpc5ns5sg2cthy61lqpg3dfzgbys/T/1551412947130-0/src/BubbleScrollBar-master/bubblescrollbarlib/build.gradle": [buildToolsVersion=28.0.0-rc2,compileSdkVersion=28,minSdkVersion=19,targetSdkVersion=28]
2019-03-01 11:02:36,105 INFO  LocalPropertiesFixService - Created fake /var/folders/bq/vtzpc5ns5sg2cthy61lqpg3dfzgbys/T/1551412947130-0/src/BubbleScrollBar-master/common/local.properties
2019-03-01 11:02:36,106 INFO  ProjectFixService - Build info for "/var/folders/bq/vtzpc5ns5sg2cthy61lqpg3dfzgbys/T/1551412947130-0/src/BubbleScrollBar-master/common/build.gradle": [buildToolsVersion=<null>,compileSdkVersion=28,minSdkVersion=15,targetSdkVersion=28]
2019-03-01 11:02:36,106 INFO  ProjectFixService - Fixed build info for "/var/folders/bq/vtzpc5ns5sg2cthy61lqpg3dfzgbys/T/1551412947130-0/src/BubbleScrollBar-master/common/build.gradle": [buildToolsVersion=28.0.0-rc2,compileSdkVersion=28,minSdkVersion=15,targetSdkVersion=28]
2019-03-01 11:02:36,107 INFO  LocalPropertiesFixService - Created fake /var/folders/bq/vtzpc5ns5sg2cthy61lqpg3dfzgbys/T/1551412947130-0/src/BubbleScrollBar-master/local.properties
2019-03-01 11:02:36,107 INFO  WrapperPropertiesFixService - Gradle wrapper: https://services.gradle.org/distributions/gradle-4.6-all.zip
2019-03-01 11:02:36,107 INFO  WrapperPropertiesFixService - Gradle wrapper was changed from "-all.zip" to "-bin.zip" (https://services.gradle.org/distributions/gradle-4.6-bin.zip)
2019-03-01 11:02:36,108 INFO  ProjectFixService - Build info for "/var/folders/bq/vtzpc5ns5sg2cthy61lqpg3dfzgbys/T/1551412947130-0/src/BubbleScrollBar-master/build.gradle": [buildToolsVersion=<null>,compileSdkVersion=28,minSdkVersion=19,targetSdkVersion=28]
2019-03-01 11:02:36,109 INFO  ProjectFixService - Fixed build info for "/var/folders/bq/vtzpc5ns5sg2cthy61lqpg3dfzgbys/T/1551412947130-0/src/BubbleScrollBar-master/build.gradle": [buildToolsVersion=28.0.0-rc2,compileSdkVersion=28,minSdkVersion=19,targetSdkVersion=28]
2019-03-01 11:02:36,109 INFO  ProjectFixService - Project was maybe fixed
2019-03-01 11:02:36,109 INFO  ProjectTaskService - Detecting possible tasks...
2019-03-01 11:02:36,109 INFO  SysUtils - Execute command: [/var/folders/bq/vtzpc5ns5sg2cthy61lqpg3dfzgbys/T/1551412947130-0/src/BubbleScrollBar-master/gradlew, -b, /var/folders/bq/vtzpc5ns5sg2cthy61lqpg3dfzgbys/T/1551412947130-0/src/BubbleScrollBar-master/app/build.gradle, -Dorg.gradle.daemon=false, -Dorg.gradle.daemon.performance.enable-monitoring=false, -Dorg.gradle.configureondemand=true, tasks]
2019-03-01 11:02:43,400 INFO  ProjectTaskService - Detected possible tasks: 69
2019-03-01 11:02:43,400 INFO  ProjectTaskService - Excluded tasks (18): lintDebug deviceCheck lint testReleaseUnitTest uninstallRelease deviceAndroidTest uninstallDebugAndroidTest installDebugAndroidTest connectedCheck connectedDebugAndroidTest uninstallAll test check testDebugUnitTest connectedAndroidTest installDebug lintRelease uninstallDebug
2019-03-01 11:02:43,400 INFO  SysUtils - Execute command: [/var/folders/bq/vtzpc5ns5sg2cthy61lqpg3dfzgbys/T/1551412947130-0/src/BubbleScrollBar-master/gradlew, -b, /var/folders/bq/vtzpc5ns5sg2cthy61lqpg3dfzgbys/T/1551412947130-0/src/BubbleScrollBar-master/app/build.gradle, -Dorg.gradle.daemon=false, -Dorg.gradle.daemon.performance.enable-monitoring=false, -Dorg.gradle.configureondemand=true, --stacktrace, -x, lintDebug, -x, deviceCheck, -x, lint, -x, testReleaseUnitTest, -x, uninstallRelease, -x, deviceAndroidTest, -x, uninstallDebugAndroidTest, -x, installDebugAndroidTest, -x, connectedCheck, -x, connectedDebugAndroidTest, -x, uninstallAll, -x, test, -x, check, -x, testDebugUnitTest, -x, connectedAndroidTest, -x, installDebug, -x, lintRelease, -x, uninstallDebug, build]
2019-03-01 11:02:53,736 ERROR SysUtils - Could not process external command
org.apache.commons.exec.ExecuteException: Process exited with an error: 1 (Exit value: 1)
	at org.apache.commons.exec.DefaultExecutor.executeInternal(DefaultExecutor.java:404)
	at org.apache.commons.exec.DefaultExecutor.execute(DefaultExecutor.java:166)
	at com.github.vbauer.apkmaster.util.SysUtils.execute(SysUtils.java:67)
	at com.github.vbauer.apkmaster.util.SysUtils.executeSimple(SysUtils.java:43)
	at com.github.vbauer.apkmaster.service.assembly.ProjectBuildService.buildProject(ProjectBuildService.java:78)
	at com.github.vbauer.apkmaster.service.assembly.ProjectBuildService.buildProject(ProjectBuildService.java:64)
	at com.github.vbauer.apkmaster.service.assembly.ProjectBuildService.buildProject(ProjectBuildService.java:43)
	at com.github.vbauer.apkmaster.service.FullProcessService.build(FullProcessService.java:84)
	at com.github.vbauer.apkmaster.service.FullProcessService.process(FullProcessService.java:34)
	at com.github.vbauer.apkmaster.app.MainApplication.process(MainApplication.java:38)
	at com.github.vbauer.apkmaster.app.MainApplication.main(MainApplication.java:20)
	at sun.reflect.NativeMethodAccessorImpl.invoke0(Native Method)
	at sun.reflect.NativeMethodAccessorImpl.invoke(NativeMethodAccessorImpl.java:62)
	at sun.reflect.DelegatingMethodAccessorImpl.invoke(DelegatingMethodAccessorImpl.java:43)
	at java.lang.reflect.Method.invoke(Method.java:498)
	at com.android.arsenal.util.ReflectionUtils.invoke(ReflectionUtils.java:52)
	at com.android.arsenal.util.ApkMasterUtils.main(ApkMasterUtils.java:30)
	at com.android.arsenal.service.processor.impl.BuildProcessorServiceImpl.buildProject(BuildProcessorServiceImpl.java:196)
	at com.android.arsenal.service.processor.impl.BuildProcessorServiceImpl.build(BuildProcessorServiceImpl.java:130)
	at com.android.arsenal.service.processor.impl.BuildProcessorServiceImpl.lambda$createTasks$1(BuildProcessorServiceImpl.java:113)
	at java.util.concurrent.FutureTask.run(FutureTask.java:266)
	at java.util.concurrent.Executors$RunnableAdapter.call(Executors.java:511)
	at java.util.concurrent.FutureTask.run(FutureTask.java:266)
	at java.util.concurrent.ThreadPoolExecutor.runWorker(ThreadPoolExecutor.java:1149)
	at java.util.concurrent.ThreadPoolExecutor$Worker.run(ThreadPoolExecutor.java:624)
	at java.lang.Thread.run(Thread.java:748)
2019-03-01 11:02:53,736 INFO  SysUtils - Configuration on demand is an incubating feature.
WARNING: Configuration 'compile' is obsolete and has been replaced with 'implementation' and 'api'.
It will be removed at the end of 2018. For more information see: http://d.android.com/r/tools/update-dependency-configurations.html
WARNING: Configuration 'compile' is obsolete and has been replaced with 'implementation' and 'api'.
It will be removed at the end of 2018. For more information see: http://d.android.com/r/tools/update-dependency-configurations.html
:app:checkDebugClasspath
:app:preBuild UP-TO-DATE
:bubblescrollbarlib:preBuild UP-TO-DATE
:bubblescrollbarlib:preDebugBuild UP-TO-DATE
:bubblescrollbarlib:checkDebugManifest
:bubblescrollbarlib:processDebugManifest
:common:preBuild UP-TO-DATE
:common:preDebugBuild UP-TO-DATE
:common:checkDebugManifest
:common:processDebugManifest
:app:preDebugBuild
:common:compileDebugAidl NO-SOURCE
:bubblescrollbarlib:compileDebugAidl NO-SOURCE
:app:compileDebugAidl NO-SOURCE
:bubblescrollbarlib:packageDebugRenderscript NO-SOURCE
:app:compileDebugRenderscript
:app:checkDebugManifest
:app:generateDebugBuildConfig
:app:mainApkListPersistenceDebug
:app:generateDebugResValues
:app:generateDebugResources
:common:packageDebugRenderscript NO-SOURCE
:bubblescrollbarlib:compileDebugRenderscript
:bubblescrollbarlib:generateDebugResValues
:bubblescrollbarlib:generateDebugResources
:bubblescrollbarlib:packageDebugResources
:common:compileDebugRenderscript
:common:generateDebugResValues
:common:generateDebugResources
:common:packageDebugResources
:app:mergeDebugResources
:app:createDebugCompatibleScreenManifests
:app:processDebugManifest
:app:splitsDiscoveryTaskDebug
:common:generateDebugRFile
:bubblescrollbarlib:generateDebugRFile
:app:processDebugResources FAILED

FAILURE: Build failed with an exception.

* What went wrong:
Execution failed for task ':app:processDebugResources'.
> Android resource linking failed
  Output:  /private/var/folders/bq/vtzpc5ns5sg2cthy61lqpg3dfzgbys/T/1551412947130-0/src/BubbleScrollBar-master/app/src/main/res/layout/activity_sample.xml:18: error: '#40D81B60' is incompatible with attribute scrollbarBackground (attr) reference [weak].
  error: failed linking file resources.
  
  Command: /Users/vbauer/.gradle/caches/transforms-1/files-1.1/aapt2-3.2.1-4818971-osx.jar/0ffb2ff58f6753cdb73b76d3f3e5c351/aapt2-3.2.1-4818971-osx/aapt2 link -I\
          /Users/vbauer/Library/Android/sdk/platforms/android-28/android.jar\
          --manifest\
          /private/var/folders/bq/vtzpc5ns5sg2cthy61lqpg3dfzgbys/T/1551412947130-0/src/BubbleScrollBar-master/app/build/intermediates/merged_manifests/debug/processDebugManifest/merged/AndroidManifest.xml\
          -o\
          /private/var/folders/bq/vtzpc5ns5sg2cthy61lqpg3dfzgbys/T/1551412947130-0/src/BubbleScrollBar-master/app/build/intermediates/processed_res/debug/processDebugResources/out/resources-debug.ap_\
          -R\
          @/private/var/folders/bq/vtzpc5ns5sg2cthy61lqpg3dfzgbys/T/1551412947130-0/src/BubbleScrollBar-master/app/build/intermediates/incremental/processDebugResources/resources-list-for-resources-debug.ap_.txt\
          --auto-add-overlay\
          --java\
          /private/var/folders/bq/vtzpc5ns5sg2cthy61lqpg3dfzgbys/T/1551412947130-0/src/BubbleScrollBar-master/app/build/generated/not_namespaced_r_class_sources/debug/processDebugResources/r\
          --custom-package\
          com.trendyol.bubblescrollbar\
          -0\
          apk\
          --output-text-symbols\
          /private/var/folders/bq/vtzpc5ns5sg2cthy61lqpg3dfzgbys/T/1551412947130-0/src/BubbleScrollBar-master/app/build/intermediates/symbols/debug/R.txt\
          --no-version-vectors
  Daemon:  AAPT2 aapt2-3.2.1-4818971-osx Daemon #0
  Output:  /private/var/folders/bq/vtzpc5ns5sg2cthy61lqpg3dfzgbys/T/1551412947130-0/src/BubbleScrollBar-master/app/src/main/res/layout/activity_sample.xml:18: AAPT: error: '#40D81B60' is incompatible with attribute scrollbarBackground (attr) reference [weak].
      
  error: failed linking file resources.
  Command: /Users/vbauer/.gradle/caches/transforms-1/files-1.1/aapt2-3.2.1-4818971-osx.jar/0ffb2ff58f6753cdb73b76d3f3e5c351/aapt2-3.2.1-4818971-osx/aapt2 link -I\
          /Users/vbauer/Library/Android/sdk/platforms/android-28/android.jar\
          --manifest\
          /private/var/folders/bq/vtzpc5ns5sg2cthy61lqpg3dfzgbys/T/1551412947130-0/src/BubbleScrollBar-master/app/build/intermediates/merged_manifests/debug/processDebugManifest/merged/AndroidManifest.xml\
          -o\
          /private/var/folders/bq/vtzpc5ns5sg2cthy61lqpg3dfzgbys/T/1551412947130-0/src/BubbleScrollBar-master/app/build/intermediates/processed_res/debug/processDebugResources/out/resources-debug.ap_\
          -R\
          @/private/var/folders/bq/vtzpc5ns5sg2cthy61lqpg3dfzgbys/T/1551412947130-0/src/BubbleScrollBar-master/app/build/intermediates/incremental/processDebugResources/resources-list-for-resources-debug.ap_.txt\
          --auto-add-overlay\
          --java\
          /private/var/folders/bq/vtzpc5ns5sg2cthy61lqpg3dfzgbys/T/1551412947130-0/src/BubbleScrollBar-master/app/build/generated/not_namespaced_r_class_sources/debug/processDebugResources/r\
          --custom-package\
          com.trendyol.bubblescrollbar\
          -0\
          apk\
          --output-text-symbols\
          /private/var/folders/bq/vtzpc5ns5sg2cthy61lqpg3dfzgbys/T/1551412947130-0/src/BubbleScrollBar-master/app/build/intermediates/symbols/debug/R.txt\
          --no-version-vectors
  Daemon:  AAPT2 aapt2-3.2.1-4818971-osx Daemon #0

* Try:
Run with --info or --debug option to get more log output. Run with --scan to get full insights.

* Exception is:
org.gradle.api.tasks.TaskExecutionException: Execution failed for task ':app:processDebugResources'.
	at org.gradle.api.internal.tasks.execution.ExecuteActionsTaskExecuter.executeActions(ExecuteActionsTaskExecuter.java:103)
	at org.gradle.api.internal.tasks.execution.ExecuteActionsTaskExecuter.execute(ExecuteActionsTaskExecuter.java:73)
	at org.gradle.api.internal.tasks.execution.OutputDirectoryCreatingTaskExecuter.execute(OutputDirectoryCreatingTaskExecuter.java:51)
	at org.gradle.api.internal.tasks.execution.SkipUpToDateTaskExecuter.execute(SkipUpToDateTaskExecuter.java:59)
	at org.gradle.api.internal.tasks.execution.ResolveTaskOutputCachingStateExecuter.execute(ResolveTaskOutputCachingStateExecuter.java:54)
	at org.gradle.api.internal.tasks.execution.ValidatingTaskExecuter.execute(ValidatingTaskExecuter.java:59)
	at org.gradle.api.internal.tasks.execution.SkipEmptySourceFilesTaskExecuter.execute(SkipEmptySourceFilesTaskExecuter.java:101)
	at org.gradle.api.internal.tasks.execution.FinalizeInputFilePropertiesTaskExecuter.execute(FinalizeInputFilePropertiesTaskExecuter.java:44)
	at org.gradle.api.internal.tasks.execution.CleanupStaleOutputsExecuter.execute(CleanupStaleOutputsExecuter.java:91)
	at org.gradle.api.internal.tasks.execution.ResolveTaskArtifactStateTaskExecuter.execute(ResolveTaskArtifactStateTaskExecuter.java:62)
	at org.gradle.api.internal.tasks.execution.SkipTaskWithNoActionsExecuter.execute(SkipTaskWithNoActionsExecuter.java:59)
	at org.gradle.api.internal.tasks.execution.SkipOnlyIfTaskExecuter.execute(SkipOnlyIfTaskExecuter.java:54)
	at org.gradle.api.internal.tasks.execution.ExecuteAtMostOnceTaskExecuter.execute(ExecuteAtMostOnceTaskExecuter.java:43)
	at org.gradle.api.internal.tasks.execution.CatchExceptionTaskExecuter.execute(CatchExceptionTaskExecuter.java:34)
	at org.gradle.execution.taskgraph.DefaultTaskGraphExecuter$EventFiringTaskWorker$1.run(DefaultTaskGraphExecuter.java:256)
	at org.gradle.internal.progress.DefaultBuildOperationExecutor$RunnableBuildOperationWorker.execute(DefaultBuildOperationExecutor.java:336)
	at org.gradle.internal.progress.DefaultBuildOperationExecutor$RunnableBuildOperationWorker.execute(DefaultBuildOperationExecutor.java:328)
	at org.gradle.internal.progress.DefaultBuildOperationExecutor.execute(DefaultBuildOperationExecutor.java:199)
	at org.gradle.internal.progress.DefaultBuildOperationExecutor.run(DefaultBuildOperationExecutor.java:110)
	at org.gradle.execution.taskgraph.DefaultTaskGraphExecuter$EventFiringTaskWorker.execute(DefaultTaskGraphExecuter.java:249)
	at org.gradle.execution.taskgraph.DefaultTaskGraphExecuter$EventFiringTaskWorker.execute(DefaultTaskGraphExecuter.java:238)
	at org.gradle.execution.taskgraph.DefaultTaskPlanExecutor$TaskExecutorWorker.processTask(DefaultTaskPlanExecutor.java:123)
	at org.gradle.execution.taskgraph.DefaultTaskPlanExecutor$TaskExecutorWorker.access$200(DefaultTaskPlanExecutor.java:79)
	at org.gradle.execution.taskgraph.DefaultTaskPlanExecutor$TaskExecutorWorker$1.execute(DefaultTaskPlanExecutor.java:104)
	at org.gradle.execution.taskgraph.DefaultTaskPlanExecutor$TaskExecutorWorker$1.execute(DefaultTaskPlanExecutor.java:98)
	at org.gradle.execution.taskgraph.DefaultTaskExecutionPlan.execute(DefaultTaskExecutionPlan.java:663)
	at org.gradle.execution.taskgraph.DefaultTaskExecutionPlan.executeWithTask(DefaultTaskExecutionPlan.java:597)
	at org.gradle.execution.taskgraph.DefaultTaskPlanExecutor$TaskExecutorWorker.run(DefaultTaskPlanExecutor.java:98)
	at org.gradle.execution.taskgraph.DefaultTaskPlanExecutor.process(DefaultTaskPlanExecutor.java:59)
	at org.gradle.execution.taskgraph.DefaultTaskGraphExecuter.execute(DefaultTaskGraphExecuter.java:130)
	at org.gradle.execution.SelectedTaskExecutionAction.execute(SelectedTaskExecutionAction.java:37)
	at org.gradle.execution.DefaultBuildExecuter.execute(DefaultBuildExecuter.java:37)
	at org.gradle.execution.DefaultBuildExecuter.access$000(DefaultBuildExecuter.java:23)
	at org.gradle.execution.DefaultBuildExecuter$1.proceed(DefaultBuildExecuter.java:43)
	at org.gradle.execution.DryRunBuildExecutionAction.execute(DryRunBuildExecutionAction.java:46)
	at org.gradle.execution.DefaultBuildExecuter.execute(DefaultBuildExecuter.java:37)
	at org.gradle.execution.DefaultBuildExecuter.execute(DefaultBuildExecuter.java:30)
	at org.gradle.initialization.DefaultGradleLauncher$ExecuteTasks.run(DefaultGradleLauncher.java:336)
	at org.gradle.internal.progress.DefaultBuildOperationExecutor$RunnableBuildOperationWorker.execute(DefaultBuildOperationExecutor.java:336)
	at org.gradle.internal.progress.DefaultBuildOperationExecutor$RunnableBuildOperationWorker.execute(DefaultBuildOperationExecutor.java:328)
	at org.gradle.internal.progress.DefaultBuildOperationExecutor.execute(DefaultBuildOperationExecutor.java:199)
	at org.gradle.internal.progress.DefaultBuildOperationExecutor.run(DefaultBuildOperationExecutor.java:110)
	at org.gradle.initialization.DefaultGradleLauncher.runTasks(DefaultGradleLauncher.java:210)
	at org.gradle.initialization.DefaultGradleLauncher.doBuildStages(DefaultGradleLauncher.java:140)
	at org.gradle.initialization.DefaultGradleLauncher.executeTasks(DefaultGradleLauncher.java:115)
	at org.gradle.internal.invocation.GradleBuildController$1.call(GradleBuildController.java:78)
	at org.gradle.internal.invocation.GradleBuildController$1.call(GradleBuildController.java:75)
	at org.gradle.internal.work.DefaultWorkerLeaseService.withLocks(DefaultWorkerLeaseService.java:152)
	at org.gradle.internal.invocation.GradleBuildController.doBuild(GradleBuildController.java:100)
	at org.gradle.internal.invocation.GradleBuildController.run(GradleBuildController.java:75)
	at org.gradle.tooling.internal.provider.ExecuteBuildActionRunner.run(ExecuteBuildActionRunner.java:28)
	at org.gradle.launcher.exec.ChainingBuildActionRunner.run(ChainingBuildActionRunner.java:35)
	at org.gradle.tooling.internal.provider.ValidatingBuildActionRunner.run(ValidatingBuildActionRunner.java:32)
	at org.gradle.launcher.exec.RunAsBuildOperationBuildActionRunner$1.run(RunAsBuildOperationBuildActionRunner.java:43)
	at org.gradle.internal.progress.DefaultBuildOperationExecutor$RunnableBuildOperationWorker.execute(DefaultBuildOperationExecutor.java:336)
	at org.gradle.internal.progress.DefaultBuildOperationExecutor$RunnableBuildOperationWorker.execute(DefaultBuildOperationExecutor.java:328)
	at org.gradle.internal.progress.DefaultBuildOperationExecutor.execute(DefaultBuildOperationExecutor.java:199)
	at org.gradle.internal.progress.DefaultBuildOperationExecutor.run(DefaultBuildOperationExecutor.java:110)
	at org.gradle.launcher.exec.RunAsBuildOperationBuildActionRunner.run(RunAsBuildOperationBuildActionRunner.java:40)
	at org.gradle.tooling.internal.provider.SubscribableBuildActionRunner.run(SubscribableBuildActionRunner.java:51)
	at org.gradle.launcher.exec.InProcessBuildActionExecuter.execute(InProcessBuildActionExecuter.java:49)
	at org.gradle.launcher.exec.InProcessBuildActionExecuter.execute(InProcessBuildActionExecuter.java:32)
	at org.gradle.launcher.exec.BuildTreeScopeBuildActionExecuter.execute(BuildTreeScopeBuildActionExecuter.java:39)
	at org.gradle.launcher.exec.BuildTreeScopeBuildActionExecuter.execute(BuildTreeScopeBuildActionExecuter.java:25)
	at org.gradle.tooling.internal.provider.ContinuousBuildActionExecuter.execute(ContinuousBuildActionExecuter.java:80)
	at org.gradle.tooling.internal.provider.ContinuousBuildActionExecuter.execute(ContinuousBuildActionExecuter.java:53)
	at org.gradle.tooling.internal.provider.ServicesSetupBuildActionExecuter.execute(ServicesSetupBuildActionExecuter.java:57)
	at org.gradle.tooling.internal.provider.ServicesSetupBuildActionExecuter.execute(ServicesSetupBuildActionExecuter.java:32)
	at org.gradle.tooling.internal.provider.GradleThreadBuildActionExecuter.execute(GradleThreadBuildActionExecuter.java:36)
	at org.gradle.tooling.internal.provider.GradleThreadBuildActionExecuter.execute(GradleThreadBuildActionExecuter.java:25)
	at org.gradle.tooling.internal.provider.ParallelismConfigurationBuildActionExecuter.execute(ParallelismConfigurationBuildActionExecuter.java:43)
	at org.gradle.tooling.internal.provider.ParallelismConfigurationBuildActionExecuter.execute(ParallelismConfigurationBuildActionExecuter.java:29)
	at org.gradle.tooling.internal.provider.StartParamsValidatingActionExecuter.execute(StartParamsValidatingActionExecuter.java:64)
	at org.gradle.tooling.internal.provider.StartParamsValidatingActionExecuter.execute(StartParamsValidatingActionExecuter.java:29)
	at org.gradle.tooling.internal.provider.SessionFailureReportingActionExecuter.execute(SessionFailureReportingActionExecuter.java:59)
	at org.gradle.tooling.internal.provider.SessionFailureReportingActionExecuter.execute(SessionFailureReportingActionExecuter.java:44)
	at org.gradle.tooling.internal.provider.SetupLoggingActionExecuter.execute(SetupLoggingActionExecuter.java:45)
	at org.gradle.tooling.internal.provider.SetupLoggingActionExecuter.execute(SetupLoggingActionExecuter.java:30)
	at org.gradle.launcher.cli.RunBuildAction.run(RunBuildAction.java:51)
	at org.gradle.internal.Actions$RunnableActionAdapter.execute(Actions.java:173)
	at org.gradle.launcher.cli.CommandLineActionFactory$ParseAndBuildAction.execute(CommandLineActionFactory.java:285)
	at org.gradle.launcher.cli.CommandLineActionFactory$ParseAndBuildAction.execute(CommandLineActionFactory.java:258)
	at org.gradle.launcher.cli.ExceptionReportingAction.execute(ExceptionReportingAction.java:33)
	at org.gradle.launcher.cli.ExceptionReportingAction.execute(ExceptionReportingAction.java:22)
	at org.gradle.launcher.cli.CommandLineActionFactory$WithLogging.execute(CommandLineActionFactory.java:251)
	at org.gradle.launcher.cli.CommandLineActionFactory$WithLogging.execute(CommandLineActionFactory.java:185)
	at org.gradle.launcher.Main.doAction(Main.java:36)
	at org.gradle.launcher.bootstrap.EntryPoint.run(EntryPoint.java:45)
	at org.gradle.launcher.bootstrap.ProcessBootstrap.runNoExit(ProcessBootstrap.java:60)
	at org.gradle.launcher.bootstrap.ProcessBootstrap.run(ProcessBootstrap.java:37)
	at org.gradle.launcher.GradleMain.main(GradleMain.java:23)
	at org.gradle.wrapper.BootstrapMainStarter.start(BootstrapMainStarter.java:31)
	at org.gradle.wrapper.WrapperExecutor.execute(WrapperExecutor.java:108)
	at org.gradle.wrapper.GradleWrapperMain.main(GradleWrapperMain.java:61)
Caused by: com.android.builder.internal.aapt.v2.Aapt2Exception: Android resource linking failed
Output:  /private/var/folders/bq/vtzpc5ns5sg2cthy61lqpg3dfzgbys/T/1551412947130-0/src/BubbleScrollBar-master/app/src/main/res/layout/activity_sample.xml:18: error: '#40D81B60' is incompatible with attribute scrollbarBackground (attr) reference [weak].
error: failed linking file resources.

Command: /Users/vbauer/.gradle/caches/transforms-1/files-1.1/aapt2-3.2.1-4818971-osx.jar/0ffb2ff58f6753cdb73b76d3f3e5c351/aapt2-3.2.1-4818971-osx/aapt2 link -I\
        /Users/vbauer/Library/Android/sdk/platforms/android-28/android.jar\
        --manifest\
        /private/var/folders/bq/vtzpc5ns5sg2cthy61lqpg3dfzgbys/T/1551412947130-0/src/BubbleScrollBar-master/app/build/intermediates/merged_manifests/debug/processDebugManifest/merged/AndroidManifest.xml\
        -o\
        /private/var/folders/bq/vtzpc5ns5sg2cthy61lqpg3dfzgbys/T/1551412947130-0/src/BubbleScrollBar-master/app/build/intermediates/processed_res/debug/processDebugResources/out/resources-debug.ap_\
        -R\
        @/private/var/folders/bq/vtzpc5ns5sg2cthy61lqpg3dfzgbys/T/1551412947130-0/src/BubbleScrollBar-master/app/build/intermediates/incremental/processDebugResources/resources-list-for-resources-debug.ap_.txt\
        --auto-add-overlay\
        --java\
        /private/var/folders/bq/vtzpc5ns5sg2cthy61lqpg3dfzgbys/T/1551412947130-0/src/BubbleScrollBar-master/app/build/generated/not_namespaced_r_class_sources/debug/processDebugResources/r\
        --custom-package\
        com.trendyol.bubblescrollbar\
        -0\
        apk\
        --output-text-symbols\
        /private/var/folders/bq/vtzpc5ns5sg2cthy61lqpg3dfzgbys/T/1551412947130-0/src/BubbleScrollBar-master/app/build/intermediates/symbols/debug/R.txt\
        --no-version-vectors
Daemon:  AAPT2 aapt2-3.2.1-4818971-osx Daemon #0
Output:  /private/var/folders/bq/vtzpc5ns5sg2cthy61lqpg3dfzgbys/T/1551412947130-0/src/BubbleScrollBar-master/app/src/main/res/layout/activity_sample.xml:18: AAPT: error: '#40D81B60' is incompatible with attribute scrollbarBackground (attr) reference [weak].
    
error: failed linking file resources.
Command: /Users/vbauer/.gradle/caches/transforms-1/files-1.1/aapt2-3.2.1-4818971-osx.jar/0ffb2ff58f6753cdb73b76d3f3e5c351/aapt2-3.2.1-4818971-osx/aapt2 link -I\
        /Users/vbauer/Library/Android/sdk/platforms/android-28/android.jar\
        --manifest\
        /private/var/folders/bq/vtzpc5ns5sg2cthy61lqpg3dfzgbys/T/1551412947130-0/src/BubbleScrollBar-master/app/build/intermediates/merged_manifests/debug/processDebugManifest/merged/AndroidManifest.xml\
        -o\
        /private/var/folders/bq/vtzpc5ns5sg2cthy61lqpg3dfzgbys/T/1551412947130-0/src/BubbleScrollBar-master/app/build/intermediates/processed_res/debug/processDebugResources/out/resources-debug.ap_\
        -R\
        @/private/var/folders/bq/vtzpc5ns5sg2cthy61lqpg3dfzgbys/T/1551412947130-0/src/BubbleScrollBar-master/app/build/intermediates/incremental/processDebugResources/resources-list-for-resources-debug.ap_.txt\
        --auto-add-overlay\
        --java\
        /private/var/folders/bq/vtzpc5ns5sg2cthy61lqpg3dfzgbys/T/1551412947130-0/src/BubbleScrollBar-master/app/build/generated/not_namespaced_r_class_sources/debug/processDebugResources/r\
        --custom-package\
        com.trendyol.bubblescrollbar\
        -0\
        apk\
        --output-text-symbols\
        /private/var/folders/bq/vtzpc5ns5sg2cthy61lqpg3dfzgbys/T/1551412947130-0/src/BubbleScrollBar-master/app/build/intermediates/symbols/debug/R.txt\
        --no-version-vectors
Daemon:  AAPT2 aapt2-3.2.1-4818971-osx Daemon #0
	at com.android.build.gradle.internal.res.Aapt2ErrorUtils.rewriteException(Aapt2ErrorUtils.kt:97)
	at com.android.build.gradle.internal.res.Aapt2ErrorUtils.rewriteLinkException(Aapt2ErrorUtils.kt:73)
	at com.android.build.gradle.internal.res.LinkApplicationAndroidResourcesTask.invokeAaptForSplit(LinkApplicationAndroidResourcesTask.java:527)
	at com.android.build.gradle.internal.res.LinkApplicationAndroidResourcesTask.doFullTaskAction(LinkApplicationAndroidResourcesTask.java:275)
	at com.android.build.gradle.internal.tasks.IncrementalTask.taskAction(IncrementalTask.java:106)
	at org.gradle.internal.reflect.JavaMethod.invoke(JavaMethod.java:73)
	at org.gradle.api.internal.project.taskfactory.IncrementalTaskAction.doExecute(IncrementalTaskAction.java:50)
	at org.gradle.api.internal.project.taskfactory.StandardTaskAction.execute(StandardTaskAction.java:39)
	at org.gradle.api.internal.project.taskfactory.StandardTaskAction.execute(StandardTaskAction.java:26)
	at org.gradle.api.internal.tasks.execution.ExecuteActionsTaskExecuter$1.run(ExecuteActionsTaskExecuter.java:124)
	at org.gradle.internal.progress.DefaultBuildOperationExecutor$RunnableBuildOperationWorker.execute(DefaultBuildOperationExecutor.java:336)
	at org.gradle.internal.progress.DefaultBuildOperationExecutor$RunnableBuildOperationWorker.execute(DefaultBuildOperationExecutor.java:328)
	at org.gradle.internal.progress.DefaultBuildOperationExecutor.execute(DefaultBuildOperationExecutor.java:199)
	at org.gradle.internal.progress.DefaultBuildOperationExecutor.run(DefaultBuildOperationExecutor.java:110)
	at org.gradle.api.internal.tasks.execution.ExecuteActionsTaskExecuter.executeAction(ExecuteActionsTaskExecuter.java:113)
	at org.gradle.api.internal.tasks.execution.ExecuteActionsTaskExecuter.executeActions(ExecuteActionsTaskExecuter.java:95)
	... 93 more
Caused by: com.android.builder.internal.aapt.v2.Aapt2Exception: Android resource linking failed
Output:  /private/var/folders/bq/vtzpc5ns5sg2cthy61lqpg3dfzgbys/T/1551412947130-0/src/BubbleScrollBar-master/app/src/main/res/layout/activity_sample.xml:18: error: '#40D81B60' is incompatible with attribute scrollbarBackground (attr) reference [weak].
error: failed linking file resources.

Command: /Users/vbauer/.gradle/caches/transforms-1/files-1.1/aapt2-3.2.1-4818971-osx.jar/0ffb2ff58f6753cdb73b76d3f3e5c351/aapt2-3.2.1-4818971-osx/aapt2 link -I\
        /Users/vbauer/Library/Android/sdk/platforms/android-28/android.jar\
        --manifest\
        /private/var/folders/bq/vtzpc5ns5sg2cthy61lqpg3dfzgbys/T/1551412947130-0/src/BubbleScrollBar-master/app/build/intermediates/merged_manifests/debug/processDebugManifest/merged/AndroidManifest.xml\
        -o\
        /private/var/folders/bq/vtzpc5ns5sg2cthy61lqpg3dfzgbys/T/1551412947130-0/src/BubbleScrollBar-master/app/build/intermediates/processed_res/debug/processDebugResources/out/resources-debug.ap_\
        -R\
        @/private/var/folders/bq/vtzpc5ns5sg2cthy61lqpg3dfzgbys/T/1551412947130-0/src/BubbleScrollBar-master/app/build/intermediates/incremental/processDebugResources/resources-list-for-resources-debug.ap_.txt\
        --auto-add-overlay\
        --java\
        /private/var/folders/bq/vtzpc5ns5sg2cthy61lqpg3dfzgbys/T/1551412947130-0/src/BubbleScrollBar-master/app/build/generated/not_namespaced_r_class_sources/debug/processDebugResources/r\
        --custom-package\
        com.trendyol.bubblescrollbar\
        -0\
        apk\
        --output-text-symbols\
        /private/var/folders/bq/vtzpc5ns5sg2cthy61lqpg3dfzgbys/T/1551412947130-0/src/BubbleScrollBar-master/app/build/intermediates/symbols/debug/R.txt\
        --no-version-vectors
Daemon:  AAPT2 aapt2-3.2.1-4818971-osx Daemon #0
	at com.android.builder.internal.aapt.v2.Aapt2DaemonImpl.doLink(Aapt2DaemonImpl.kt:177)
	at com.android.builder.internal.aapt.v2.Aapt2Daemon.link(Aapt2Daemon.kt:103)
	at com.android.builder.internal.aapt.v2.Aapt2DaemonManager$LeasedAaptDaemon.link(Aapt2DaemonManager.kt:176)
	at com.android.builder.core.AndroidBuilder.processResources(AndroidBuilder.java:823)
	at com.android.build.gradle.internal.res.LinkApplicationAndroidResourcesTask.invokeAaptForSplit(LinkApplicationAndroidResourcesTask.java:525)
	... 106 more


* Get more help at https://help.gradle.org

BUILD FAILED in 9s
24 actionable tasks: 24 executed

2019-03-01 11:02:53,770 INFO  ProjectTaskService - Detecting possible tasks...
2019-03-01 11:02:53,770 INFO  SysUtils - Execute command: [/var/folders/bq/vtzpc5ns5sg2cthy61lqpg3dfzgbys/T/1551412947130-0/src/BubbleScrollBar-master/gradlew, -b, /var/folders/bq/vtzpc5ns5sg2cthy61lqpg3dfzgbys/T/1551412947130-0/src/BubbleScrollBar-master/bubblescrollbarlib/build.gradle, -Dorg.gradle.daemon=false, -Dorg.gradle.daemon.performance.enable-monitoring=false, -Dorg.gradle.configureondemand=true, tasks]
2019-03-01 11:02:59,223 INFO  ProjectTaskService - Detected possible tasks: 67
2019-03-01 11:02:59,223 INFO  ProjectTaskService - Excluded tasks (15): lintDebug deviceCheck lint testReleaseUnitTest deviceAndroidTest uninstallDebugAndroidTest installDebugAndroidTest connectedCheck connectedDebugAndroidTest uninstallAll test check testDebugUnitTest connectedAndroidTest lintRelease
2019-03-01 11:02:59,223 INFO  SysUtils - Execute command: [/var/folders/bq/vtzpc5ns5sg2cthy61lqpg3dfzgbys/T/1551412947130-0/src/BubbleScrollBar-master/gradlew, -b, /var/folders/bq/vtzpc5ns5sg2cthy61lqpg3dfzgbys/T/1551412947130-0/src/BubbleScrollBar-master/bubblescrollbarlib/build.gradle, -Dorg.gradle.daemon=false, -Dorg.gradle.daemon.performance.enable-monitoring=false, -Dorg.gradle.configureondemand=true, --stacktrace, -x, lintDebug, -x, deviceCheck, -x, lint, -x, testReleaseUnitTest, -x, deviceAndroidTest, -x, uninstallDebugAndroidTest, -x, installDebugAndroidTest, -x, connectedCheck, -x, connectedDebugAndroidTest, -x, uninstallAll, -x, test, -x, check, -x, testDebugUnitTest, -x, connectedAndroidTest, -x, lintRelease, build]
2019-03-01 11:03:21,776 INFO  SysUtils - Configuration on demand is an incubating feature.
WARNING: Configuration 'compile' is obsolete and has been replaced with 'implementation' and 'api'.
It will be removed at the end of 2018. For more information see: http://d.android.com/r/tools/update-dependency-configurations.html
WARNING: Configuration 'compile' is obsolete and has been replaced with 'implementation' and 'api'.
It will be removed at the end of 2018. For more information see: http://d.android.com/r/tools/update-dependency-configurations.html
:bubblescrollbarlib:preBuild UP-TO-DATE
:bubblescrollbarlib:preDebugBuild UP-TO-DATE
:common:preBuild UP-TO-DATE
:common:preDebugBuild UP-TO-DATE
:common:compileDebugAidl NO-SOURCE
:bubblescrollbarlib:compileDebugAidl NO-SOURCE
:common:packageDebugRenderscript NO-SOURCE
:bubblescrollbarlib:compileDebugRenderscript UP-TO-DATE
:bubblescrollbarlib:checkDebugManifest UP-TO-DATE
:bubblescrollbarlib:generateDebugBuildConfig
:bubblescrollbarlib:generateDebugResValues UP-TO-DATE
:bubblescrollbarlib:generateDebugResources UP-TO-DATE
:bubblescrollbarlib:packageDebugResources UP-TO-DATE
:bubblescrollbarlib:processDebugManifest UP-TO-DATE
:common:compileDebugRenderscript UP-TO-DATE
:common:generateDebugResValues UP-TO-DATE
:common:generateDebugResources UP-TO-DATE
:common:packageDebugResources UP-TO-DATE
:common:checkDebugManifest UP-TO-DATE
:common:processDebugManifest UP-TO-DATE
:common:generateDebugRFile UP-TO-DATE
:bubblescrollbarlib:generateDebugRFile UP-TO-DATE
:common:generateDebugBuildConfig
:common:compileDebugKotlin
:common:prepareLintJar
:common:generateDebugSources
:common:javaPreCompileDebug
:common:compileDebugJavaWithJavac
:common:processDebugJavaRes NO-SOURCE
:common:transformClassesAndResourcesWithPrepareIntermediateJarsForDebug
:bubblescrollbarlib:compileDebugKotlin
:bubblescrollbarlib:prepareLintJar
:bubblescrollbarlib:generateDebugSources
:bubblescrollbarlib:javaPreCompileDebug
:bubblescrollbarlib:compileDebugJavaWithJavac
:bubblescrollbarlib:extractDebugAnnotations
:bubblescrollbarlib:mergeDebugConsumerProguardFiles
:bubblescrollbarlib:mergeDebugShaders
:bubblescrollbarlib:compileDebugShaders
:bubblescrollbarlib:generateDebugAssets
:bubblescrollbarlib:packageDebugAssets
:bubblescrollbarlib:packageDebugRenderscript NO-SOURCE
:bubblescrollbarlib:processDebugJavaRes NO-SOURCE
:bubblescrollbarlib:transformResourcesWithMergeJavaResForDebug
:bubblescrollbarlib:transformClassesAndResourcesWithSyncLibJarsForDebug
:bubblescrollbarlib:compileDebugNdk NO-SOURCE
:bubblescrollbarlib:mergeDebugJniLibFolders
:bubblescrollbarlib:transformNativeLibsWithMergeJniLibsForDebug
:bubblescrollbarlib:transformNativeLibsWithStripDebugSymbolForDebug
:bubblescrollbarlib:transformNativeLibsWithSyncJniLibsForDebug
:bubblescrollbarlib:bundleDebugAar
:bubblescrollbarlib:compileDebugSources
:bubblescrollbarlib:assembleDebug
:bubblescrollbarlib:preReleaseBuild UP-TO-DATE
:common:preReleaseBuild UP-TO-DATE
:common:compileReleaseAidl NO-SOURCE
:bubblescrollbarlib:compileReleaseAidl NO-SOURCE
:common:packageReleaseRenderscript NO-SOURCE
:bubblescrollbarlib:compileReleaseRenderscript
:bubblescrollbarlib:checkReleaseManifest
:bubblescrollbarlib:generateReleaseBuildConfig
:bubblescrollbarlib:generateReleaseResValues
:bubblescrollbarlib:generateReleaseResources
:bubblescrollbarlib:packageReleaseResources
:bubblescrollbarlib:processReleaseManifest
:common:compileReleaseRenderscript
:common:generateReleaseResValues
:common:generateReleaseResources
:common:packageReleaseResources
:common:checkReleaseManifest
:common:processReleaseManifest
:common:generateReleaseRFile
:bubblescrollbarlib:generateReleaseRFile
:common:generateReleaseBuildConfig
:common:compileReleaseKotlin
:common:generateReleaseSources
:common:javaPreCompileRelease
:common:compileReleaseJavaWithJavac
:common:processReleaseJavaRes NO-SOURCE
:common:transformClassesAndResourcesWithPrepareIntermediateJarsForRelease
:bubblescrollbarlib:compileReleaseKotlin
:bubblescrollbarlib:generateReleaseSources
:bubblescrollbarlib:javaPreCompileRelease
:bubblescrollbarlib:compileReleaseJavaWithJavac
:bubblescrollbarlib:extractReleaseAnnotations
:bubblescrollbarlib:mergeReleaseConsumerProguardFiles
:bubblescrollbarlib:mergeReleaseShaders
:bubblescrollbarlib:compileReleaseShaders
:bubblescrollbarlib:generateReleaseAssets
:bubblescrollbarlib:packageReleaseAssets
:bubblescrollbarlib:packageReleaseRenderscript NO-SOURCE
:bubblescrollbarlib:processReleaseJavaRes NO-SOURCE
:bubblescrollbarlib:transformResourcesWithMergeJavaResForRelease
:bubblescrollbarlib:transformClassesAndResourcesWithSyncLibJarsForRelease
:bubblescrollbarlib:compileReleaseNdk NO-SOURCE
:bubblescrollbarlib:mergeReleaseJniLibFolders
:bubblescrollbarlib:transformNativeLibsWithMergeJniLibsForRelease
:bubblescrollbarlib:transformNativeLibsWithStripDebugSymbolForRelease
:bubblescrollbarlib:transformNativeLibsWithSyncJniLibsForRelease
:bubblescrollbarlib:bundleReleaseAar
:bubblescrollbarlib:compileReleaseSources
:bubblescrollbarlib:mergeReleaseResources
:bubblescrollbarlib:verifyReleaseResources
:bubblescrollbarlib:assembleRelease
:bubblescrollbarlib:assemble
:bubblescrollbarlib:build

BUILD SUCCESSFUL in 21s
70 actionable tasks: 58 executed, 12 up-to-date

2019-03-01 11:03:21,862 INFO  ProjectTaskService - Detecting possible tasks...
2019-03-01 11:03:21,863 INFO  SysUtils - Execute command: [/var/folders/bq/vtzpc5ns5sg2cthy61lqpg3dfzgbys/T/1551412947130-0/src/BubbleScrollBar-master/gradlew, -b, /var/folders/bq/vtzpc5ns5sg2cthy61lqpg3dfzgbys/T/1551412947130-0/src/BubbleScrollBar-master/common/build.gradle, -Dorg.gradle.daemon=false, -Dorg.gradle.daemon.performance.enable-monitoring=false, -Dorg.gradle.configureondemand=true, tasks]
2019-03-01 11:03:27,462 INFO  ProjectTaskService - Detected possible tasks: 67
2019-03-01 11:03:27,462 INFO  ProjectTaskService - Excluded tasks (15): lintDebug deviceCheck lint testReleaseUnitTest deviceAndroidTest uninstallDebugAndroidTest installDebugAndroidTest connectedCheck connectedDebugAndroidTest uninstallAll test check testDebugUnitTest connectedAndroidTest lintRelease
2019-03-01 11:03:27,462 INFO  SysUtils - Execute command: [/var/folders/bq/vtzpc5ns5sg2cthy61lqpg3dfzgbys/T/1551412947130-0/src/BubbleScrollBar-master/gradlew, -b, /var/folders/bq/vtzpc5ns5sg2cthy61lqpg3dfzgbys/T/1551412947130-0/src/BubbleScrollBar-master/common/build.gradle, -Dorg.gradle.daemon=false, -Dorg.gradle.daemon.performance.enable-monitoring=false, -Dorg.gradle.configureondemand=true, --stacktrace, -x, lintDebug, -x, deviceCheck, -x, lint, -x, testReleaseUnitTest, -x, deviceAndroidTest, -x, uninstallDebugAndroidTest, -x, installDebugAndroidTest, -x, connectedCheck, -x, connectedDebugAndroidTest, -x, uninstallAll, -x, test, -x, check, -x, testDebugUnitTest, -x, connectedAndroidTest, -x, lintRelease, build]
2019-03-01 11:03:36,046 INFO  SysUtils - Configuration on demand is an incubating feature.
WARNING: Configuration 'compile' is obsolete and has been replaced with 'implementation' and 'api'.
It will be removed at the end of 2018. For more information see: http://d.android.com/r/tools/update-dependency-configurations.html
:common:preBuild UP-TO-DATE
:common:preDebugBuild UP-TO-DATE
:common:compileDebugAidl NO-SOURCE
:common:compileDebugRenderscript UP-TO-DATE
:common:checkDebugManifest UP-TO-DATE
:common:generateDebugBuildConfig UP-TO-DATE
:common:generateDebugResValues UP-TO-DATE
:common:generateDebugResources UP-TO-DATE
:common:packageDebugResources UP-TO-DATE
:common:processDebugManifest UP-TO-DATE
:common:generateDebugRFile UP-TO-DATE
:common:compileDebugKotlin UP-TO-DATE
:common:prepareLintJar UP-TO-DATE
:common:generateDebugSources UP-TO-DATE
:common:javaPreCompileDebug UP-TO-DATE
:common:compileDebugJavaWithJavac UP-TO-DATE
:common:extractDebugAnnotations
:common:mergeDebugConsumerProguardFiles
:common:mergeDebugShaders
:common:compileDebugShaders
:common:generateDebugAssets
:common:packageDebugAssets
:common:packageDebugRenderscript NO-SOURCE
:common:processDebugJavaRes NO-SOURCE
:common:transformResourcesWithMergeJavaResForDebug
:common:transformClassesAndResourcesWithSyncLibJarsForDebug
:common:compileDebugNdk NO-SOURCE
:common:mergeDebugJniLibFolders
:common:transformNativeLibsWithMergeJniLibsForDebug
:common:transformNativeLibsWithStripDebugSymbolForDebug
:common:transformNativeLibsWithSyncJniLibsForDebug
:common:bundleDebugAar
:common:compileDebugSources UP-TO-DATE
:common:assembleDebug
:common:preReleaseBuild UP-TO-DATE
:common:compileReleaseAidl NO-SOURCE
:common:compileReleaseRenderscript UP-TO-DATE
:common:checkReleaseManifest UP-TO-DATE
:common:generateReleaseBuildConfig UP-TO-DATE
:common:generateReleaseResValues UP-TO-DATE
:common:generateReleaseResources UP-TO-DATE
:common:packageReleaseResources UP-TO-DATE
:common:processReleaseManifest UP-TO-DATE
:common:generateReleaseRFile UP-TO-DATE
:common:compileReleaseKotlin UP-TO-DATE
:common:generateReleaseSources UP-TO-DATE
:common:javaPreCompileRelease UP-TO-DATE
:common:compileReleaseJavaWithJavac UP-TO-DATE
:common:extractReleaseAnnotations
:common:mergeReleaseConsumerProguardFiles
:common:mergeReleaseShaders
:common:compileReleaseShaders
:common:generateReleaseAssets
:common:packageReleaseAssets
:common:packageReleaseRenderscript NO-SOURCE
:common:processReleaseJavaRes NO-SOURCE
:common:transformResourcesWithMergeJavaResForRelease
:common:transformClassesAndResourcesWithSyncLibJarsForRelease
:common:compileReleaseNdk NO-SOURCE
:common:mergeReleaseJniLibFolders
:common:transformNativeLibsWithMergeJniLibsForRelease
:common:transformNativeLibsWithStripDebugSymbolForRelease
:common:transformNativeLibsWithSyncJniLibsForRelease
:common:bundleReleaseAar
:common:compileReleaseSources UP-TO-DATE
:common:mergeReleaseResources
:common:verifyReleaseResources
:common:assembleRelease
:common:assemble
:common:build

BUILD SUCCESSFUL in 8s
47 actionable tasks: 26 executed, 21 up-to-date

2019-03-01 11:03:36,153 INFO  ProjectTaskService - Detecting possible tasks...
2019-03-01 11:03:36,153 INFO  SysUtils - Execute command: [/var/folders/bq/vtzpc5ns5sg2cthy61lqpg3dfzgbys/T/1551412947130-0/src/BubbleScrollBar-master/gradlew, -b, /var/folders/bq/vtzpc5ns5sg2cthy61lqpg3dfzgbys/T/1551412947130-0/src/BubbleScrollBar-master/build.gradle, -Dorg.gradle.daemon=false, -Dorg.gradle.daemon.performance.enable-monitoring=false, -Dorg.gradle.configureondemand=true, tasks]
2019-03-01 11:03:41,904 INFO  ProjectTaskService - Detected possible tasks: 73
2019-03-01 11:03:41,904 INFO  ProjectTaskService - Excluded tasks (18): lintDebug deviceCheck lint testReleaseUnitTest uninstallRelease deviceAndroidTest uninstallDebugAndroidTest installDebugAndroidTest connectedCheck connectedDebugAndroidTest uninstallAll test check testDebugUnitTest connectedAndroidTest installDebug lintRelease uninstallDebug
2019-03-01 11:03:41,904 INFO  SysUtils - Execute command: [/var/folders/bq/vtzpc5ns5sg2cthy61lqpg3dfzgbys/T/1551412947130-0/src/BubbleScrollBar-master/gradlew, -b, /var/folders/bq/vtzpc5ns5sg2cthy61lqpg3dfzgbys/T/1551412947130-0/src/BubbleScrollBar-master/build.gradle, -Dorg.gradle.daemon=false, -Dorg.gradle.daemon.performance.enable-monitoring=false, -Dorg.gradle.configureondemand=true, --stacktrace, -x, lintDebug, -x, deviceCheck, -x, lint, -x, testReleaseUnitTest, -x, uninstallRelease, -x, deviceAndroidTest, -x, uninstallDebugAndroidTest, -x, installDebugAndroidTest, -x, connectedCheck, -x, connectedDebugAndroidTest, -x, uninstallAll, -x, test, -x, check, -x, testDebugUnitTest, -x, connectedAndroidTest, -x, installDebug, -x, lintRelease, -x, uninstallDebug, build]
2019-03-01 11:03:49,219 ERROR SysUtils - Could not process external command
org.apache.commons.exec.ExecuteException: Process exited with an error: 1 (Exit value: 1)
	at org.apache.commons.exec.DefaultExecutor.executeInternal(DefaultExecutor.java:404)
	at org.apache.commons.exec.DefaultExecutor.execute(DefaultExecutor.java:166)
	at com.github.vbauer.apkmaster.util.SysUtils.execute(SysUtils.java:67)
	at com.github.vbauer.apkmaster.util.SysUtils.executeSimple(SysUtils.java:43)
	at com.github.vbauer.apkmaster.service.assembly.ProjectBuildService.buildProject(ProjectBuildService.java:78)
	at com.github.vbauer.apkmaster.service.assembly.ProjectBuildService.buildProject(ProjectBuildService.java:64)
	at com.github.vbauer.apkmaster.service.assembly.ProjectBuildService.buildProject(ProjectBuildService.java:43)
	at com.github.vbauer.apkmaster.service.FullProcessService.build(FullProcessService.java:84)
	at com.github.vbauer.apkmaster.service.FullProcessService.process(FullProcessService.java:34)
	at com.github.vbauer.apkmaster.app.MainApplication.process(MainApplication.java:38)
	at com.github.vbauer.apkmaster.app.MainApplication.main(MainApplication.java:20)
	at sun.reflect.NativeMethodAccessorImpl.invoke0(Native Method)
	at sun.reflect.NativeMethodAccessorImpl.invoke(NativeMethodAccessorImpl.java:62)
	at sun.reflect.DelegatingMethodAccessorImpl.invoke(DelegatingMethodAccessorImpl.java:43)
	at java.lang.reflect.Method.invoke(Method.java:498)
	at com.android.arsenal.util.ReflectionUtils.invoke(ReflectionUtils.java:52)
	at com.android.arsenal.util.ApkMasterUtils.main(ApkMasterUtils.java:30)
	at com.android.arsenal.service.processor.impl.BuildProcessorServiceImpl.buildProject(BuildProcessorServiceImpl.java:196)
	at com.android.arsenal.service.processor.impl.BuildProcessorServiceImpl.build(BuildProcessorServiceImpl.java:130)
	at com.android.arsenal.service.processor.impl.BuildProcessorServiceImpl.lambda$createTasks$1(BuildProcessorServiceImpl.java:113)
	at java.util.concurrent.FutureTask.run(FutureTask.java:266)
	at java.util.concurrent.Executors$RunnableAdapter.call(Executors.java:511)
	at java.util.concurrent.FutureTask.run(FutureTask.java:266)
	at java.util.concurrent.ThreadPoolExecutor.runWorker(ThreadPoolExecutor.java:1149)
	at java.util.concurrent.ThreadPoolExecutor$Worker.run(ThreadPoolExecutor.java:624)
	at java.lang.Thread.run(Thread.java:748)
2019-03-01 11:03:49,219 INFO  SysUtils - Configuration on demand is an incubating feature.
WARNING: Configuration 'compile' is obsolete and has been replaced with 'implementation' and 'api'.
It will be removed at the end of 2018. For more information see: http://d.android.com/r/tools/update-dependency-configurations.html
WARNING: Configuration 'compile' is obsolete and has been replaced with 'implementation' and 'api'.
It will be removed at the end of 2018. For more information see: http://d.android.com/r/tools/update-dependency-configurations.html
:app:checkDebugClasspath UP-TO-DATE
:app:preBuild UP-TO-DATE
:bubblescrollbarlib:preBuild UP-TO-DATE
:bubblescrollbarlib:preDebugBuild UP-TO-DATE
:bubblescrollbarlib:checkDebugManifest UP-TO-DATE
:bubblescrollbarlib:processDebugManifest UP-TO-DATE
:common:preBuild UP-TO-DATE
:common:preDebugBuild UP-TO-DATE
:common:checkDebugManifest UP-TO-DATE
:common:processDebugManifest UP-TO-DATE
:app:preDebugBuild UP-TO-DATE
:common:compileDebugAidl NO-SOURCE
:bubblescrollbarlib:compileDebugAidl NO-SOURCE
:app:compileDebugAidl NO-SOURCE
:bubblescrollbarlib:packageDebugRenderscript NO-SOURCE
:app:compileDebugRenderscript UP-TO-DATE
:app:checkDebugManifest UP-TO-DATE
:app:generateDebugBuildConfig UP-TO-DATE
:app:mainApkListPersistenceDebug UP-TO-DATE
:app:generateDebugResValues UP-TO-DATE
:app:generateDebugResources UP-TO-DATE
:common:packageDebugRenderscript NO-SOURCE
:bubblescrollbarlib:compileDebugRenderscript UP-TO-DATE
:bubblescrollbarlib:generateDebugResValues UP-TO-DATE
:bubblescrollbarlib:generateDebugResources UP-TO-DATE
:bubblescrollbarlib:packageDebugResources UP-TO-DATE
:common:compileDebugRenderscript UP-TO-DATE
:common:generateDebugResValues UP-TO-DATE
:common:generateDebugResources UP-TO-DATE
:common:packageDebugResources UP-TO-DATE
:app:mergeDebugResources UP-TO-DATE
:app:createDebugCompatibleScreenManifests UP-TO-DATE
:app:processDebugManifest UP-TO-DATE
:app:splitsDiscoveryTaskDebug UP-TO-DATE
:common:generateDebugRFile UP-TO-DATE
:bubblescrollbarlib:generateDebugRFile UP-TO-DATE
:app:processDebugResources FAILED

FAILURE: Build failed with an exception.

* What went wrong:
Execution failed for task ':app:processDebugResources'.
> Android resource linking failed
  Output:  /private/var/folders/bq/vtzpc5ns5sg2cthy61lqpg3dfzgbys/T/1551412947130-0/src/BubbleScrollBar-master/app/src/main/res/layout/activity_sample.xml:18: error: '#40D81B60' is incompatible with attribute scrollbarBackground (attr) reference [weak].
  error: failed linking file resources.
  
  Command: /Users/vbauer/.gradle/caches/transforms-1/files-1.1/aapt2-3.2.1-4818971-osx.jar/0ffb2ff58f6753cdb73b76d3f3e5c351/aapt2-3.2.1-4818971-osx/aapt2 link -I\
          /Users/vbauer/Library/Android/sdk/platforms/android-28/android.jar\
          --manifest\
          /private/var/folders/bq/vtzpc5ns5sg2cthy61lqpg3dfzgbys/T/1551412947130-0/src/BubbleScrollBar-master/app/build/intermediates/merged_manifests/debug/processDebugManifest/merged/AndroidManifest.xml\
          -o\
          /private/var/folders/bq/vtzpc5ns5sg2cthy61lqpg3dfzgbys/T/1551412947130-0/src/BubbleScrollBar-master/app/build/intermediates/processed_res/debug/processDebugResources/out/resources-debug.ap_\
          -R\
          @/private/var/folders/bq/vtzpc5ns5sg2cthy61lqpg3dfzgbys/T/1551412947130-0/src/BubbleScrollBar-master/app/build/intermediates/incremental/processDebugResources/resources-list-for-resources-debug.ap_.txt\
          --auto-add-overlay\
          --java\
          /private/var/folders/bq/vtzpc5ns5sg2cthy61lqpg3dfzgbys/T/1551412947130-0/src/BubbleScrollBar-master/app/build/generated/not_namespaced_r_class_sources/debug/processDebugResources/r\
          --custom-package\
          com.trendyol.bubblescrollbar\
          -0\
          apk\
          --output-text-symbols\
          /private/var/folders/bq/vtzpc5ns5sg2cthy61lqpg3dfzgbys/T/1551412947130-0/src/BubbleScrollBar-master/app/build/intermediates/symbols/debug/R.txt\
          --no-version-vectors
  Daemon:  AAPT2 aapt2-3.2.1-4818971-osx Daemon #0
  Output:  /private/var/folders/bq/vtzpc5ns5sg2cthy61lqpg3dfzgbys/T/1551412947130-0/src/BubbleScrollBar-master/app/src/main/res/layout/activity_sample.xml:18: AAPT: error: '#40D81B60' is incompatible with attribute scrollbarBackground (attr) reference [weak].
      
  error: failed linking file resources.
  Command: /Users/vbauer/.gradle/caches/transforms-1/files-1.1/aapt2-3.2.1-4818971-osx.jar/0ffb2ff58f6753cdb73b76d3f3e5c351/aapt2-3.2.1-4818971-osx/aapt2 link -I\
          /Users/vbauer/Library/Android/sdk/platforms/android-28/android.jar\
          --manifest\
          /private/var/folders/bq/vtzpc5ns5sg2cthy61lqpg3dfzgbys/T/1551412947130-0/src/BubbleScrollBar-master/app/build/intermediates/merged_manifests/debug/processDebugManifest/merged/AndroidManifest.xml\
          -o\
          /private/var/folders/bq/vtzpc5ns5sg2cthy61lqpg3dfzgbys/T/1551412947130-0/src/BubbleScrollBar-master/app/build/intermediates/processed_res/debug/processDebugResources/out/resources-debug.ap_\
          -R\
          @/private/var/folders/bq/vtzpc5ns5sg2cthy61lqpg3dfzgbys/T/1551412947130-0/src/BubbleScrollBar-master/app/build/intermediates/incremental/processDebugResources/resources-list-for-resources-debug.ap_.txt\
          --auto-add-overlay\
          --java\
          /private/var/folders/bq/vtzpc5ns5sg2cthy61lqpg3dfzgbys/T/1551412947130-0/src/BubbleScrollBar-master/app/build/generated/not_namespaced_r_class_sources/debug/processDebugResources/r\
          --custom-package\
          com.trendyol.bubblescrollbar\
          -0\
          apk\
          --output-text-symbols\
          /private/var/folders/bq/vtzpc5ns5sg2cthy61lqpg3dfzgbys/T/1551412947130-0/src/BubbleScrollBar-master/app/build/intermediates/symbols/debug/R.txt\
          --no-version-vectors
  Daemon:  AAPT2 aapt2-3.2.1-4818971-osx Daemon #0

* Try:
Run with --info or --debug option to get more log output. Run with --scan to get full insights.

* Exception is:
org.gradle.api.tasks.TaskExecutionException: Execution failed for task ':app:processDebugResources'.
	at org.gradle.api.internal.tasks.execution.ExecuteActionsTaskExecuter.executeActions(ExecuteActionsTaskExecuter.java:103)
	at org.gradle.api.internal.tasks.execution.ExecuteActionsTaskExecuter.execute(ExecuteActionsTaskExecuter.java:73)
	at org.gradle.api.internal.tasks.execution.OutputDirectoryCreatingTaskExecuter.execute(OutputDirectoryCreatingTaskExecuter.java:51)
	at org.gradle.api.internal.tasks.execution.SkipUpToDateTaskExecuter.execute(SkipUpToDateTaskExecuter.java:59)
	at org.gradle.api.internal.tasks.execution.ResolveTaskOutputCachingStateExecuter.execute(ResolveTaskOutputCachingStateExecuter.java:54)
	at org.gradle.api.internal.tasks.execution.ValidatingTaskExecuter.execute(ValidatingTaskExecuter.java:59)
	at org.gradle.api.internal.tasks.execution.SkipEmptySourceFilesTaskExecuter.execute(SkipEmptySourceFilesTaskExecuter.java:101)
	at org.gradle.api.internal.tasks.execution.FinalizeInputFilePropertiesTaskExecuter.execute(FinalizeInputFilePropertiesTaskExecuter.java:44)
	at org.gradle.api.internal.tasks.execution.CleanupStaleOutputsExecuter.execute(CleanupStaleOutputsExecuter.java:91)
	at org.gradle.api.internal.tasks.execution.ResolveTaskArtifactStateTaskExecuter.execute(ResolveTaskArtifactStateTaskExecuter.java:62)
	at org.gradle.api.internal.tasks.execution.SkipTaskWithNoActionsExecuter.execute(SkipTaskWithNoActionsExecuter.java:59)
	at org.gradle.api.internal.tasks.execution.SkipOnlyIfTaskExecuter.execute(SkipOnlyIfTaskExecuter.java:54)
	at org.gradle.api.internal.tasks.execution.ExecuteAtMostOnceTaskExecuter.execute(ExecuteAtMostOnceTaskExecuter.java:43)
	at org.gradle.api.internal.tasks.execution.CatchExceptionTaskExecuter.execute(CatchExceptionTaskExecuter.java:34)
	at org.gradle.execution.taskgraph.DefaultTaskGraphExecuter$EventFiringTaskWorker$1.run(DefaultTaskGraphExecuter.java:256)
	at org.gradle.internal.progress.DefaultBuildOperationExecutor$RunnableBuildOperationWorker.execute(DefaultBuildOperationExecutor.java:336)
	at org.gradle.internal.progress.DefaultBuildOperationExecutor$RunnableBuildOperationWorker.execute(DefaultBuildOperationExecutor.java:328)
	at org.gradle.internal.progress.DefaultBuildOperationExecutor.execute(DefaultBuildOperationExecutor.java:199)
	at org.gradle.internal.progress.DefaultBuildOperationExecutor.run(DefaultBuildOperationExecutor.java:110)
	at org.gradle.execution.taskgraph.DefaultTaskGraphExecuter$EventFiringTaskWorker.execute(DefaultTaskGraphExecuter.java:249)
	at org.gradle.execution.taskgraph.DefaultTaskGraphExecuter$EventFiringTaskWorker.execute(DefaultTaskGraphExecuter.java:238)
	at org.gradle.execution.taskgraph.DefaultTaskPlanExecutor$TaskExecutorWorker.processTask(DefaultTaskPlanExecutor.java:123)
	at org.gradle.execution.taskgraph.DefaultTaskPlanExecutor$TaskExecutorWorker.access$200(DefaultTaskPlanExecutor.java:79)
	at org.gradle.execution.taskgraph.DefaultTaskPlanExecutor$TaskExecutorWorker$1.execute(DefaultTaskPlanExecutor.java:104)
	at org.gradle.execution.taskgraph.DefaultTaskPlanExecutor$TaskExecutorWorker$1.execute(DefaultTaskPlanExecutor.java:98)
	at org.gradle.execution.taskgraph.DefaultTaskExecutionPlan.execute(DefaultTaskExecutionPlan.java:663)
	at org.gradle.execution.taskgraph.DefaultTaskExecutionPlan.executeWithTask(DefaultTaskExecutionPlan.java:597)
	at org.gradle.execution.taskgraph.DefaultTaskPlanExecutor$TaskExecutorWorker.run(DefaultTaskPlanExecutor.java:98)
	at org.gradle.execution.taskgraph.DefaultTaskPlanExecutor.process(DefaultTaskPlanExecutor.java:59)
	at org.gradle.execution.taskgraph.DefaultTaskGraphExecuter.execute(DefaultTaskGraphExecuter.java:130)
	at org.gradle.execution.SelectedTaskExecutionAction.execute(SelectedTaskExecutionAction.java:37)
	at org.gradle.execution.DefaultBuildExecuter.execute(DefaultBuildExecuter.java:37)
	at org.gradle.execution.DefaultBuildExecuter.access$000(DefaultBuildExecuter.java:23)
	at org.gradle.execution.DefaultBuildExecuter$1.proceed(DefaultBuildExecuter.java:43)
	at org.gradle.execution.DryRunBuildExecutionAction.execute(DryRunBuildExecutionAction.java:46)
	at org.gradle.execution.DefaultBuildExecuter.execute(DefaultBuildExecuter.java:37)
	at org.gradle.execution.DefaultBuildExecuter.execute(DefaultBuildExecuter.java:30)
	at org.gradle.initialization.DefaultGradleLauncher$ExecuteTasks.run(DefaultGradleLauncher.java:336)
	at org.gradle.internal.progress.DefaultBuildOperationExecutor$RunnableBuildOperationWorker.execute(DefaultBuildOperationExecutor.java:336)
	at org.gradle.internal.progress.DefaultBuildOperationExecutor$RunnableBuildOperationWorker.execute(DefaultBuildOperationExecutor.java:328)
	at org.gradle.internal.progress.DefaultBuildOperationExecutor.execute(DefaultBuildOperationExecutor.java:199)
	at org.gradle.internal.progress.DefaultBuildOperationExecutor.run(DefaultBuildOperationExecutor.java:110)
	at org.gradle.initialization.DefaultGradleLauncher.runTasks(DefaultGradleLauncher.java:210)
	at org.gradle.initialization.DefaultGradleLauncher.doBuildStages(DefaultGradleLauncher.java:140)
	at org.gradle.initialization.DefaultGradleLauncher.executeTasks(DefaultGradleLauncher.java:115)
	at org.gradle.internal.invocation.GradleBuildController$1.call(GradleBuildController.java:78)
	at org.gradle.internal.invocation.GradleBuildController$1.call(GradleBuildController.java:75)
	at org.gradle.internal.work.DefaultWorkerLeaseService.withLocks(DefaultWorkerLeaseService.java:152)
	at org.gradle.internal.invocation.GradleBuildController.doBuild(GradleBuildController.java:100)
	at org.gradle.internal.invocation.GradleBuildController.run(GradleBuildController.java:75)
	at org.gradle.tooling.internal.provider.ExecuteBuildActionRunner.run(ExecuteBuildActionRunner.java:28)
	at org.gradle.launcher.exec.ChainingBuildActionRunner.run(ChainingBuildActionRunner.java:35)
	at org.gradle.tooling.internal.provider.ValidatingBuildActionRunner.run(ValidatingBuildActionRunner.java:32)
	at org.gradle.launcher.exec.RunAsBuildOperationBuildActionRunner$1.run(RunAsBuildOperationBuildActionRunner.java:43)
	at org.gradle.internal.progress.DefaultBuildOperationExecutor$RunnableBuildOperationWorker.execute(DefaultBuildOperationExecutor.java:336)
	at org.gradle.internal.progress.DefaultBuildOperationExecutor$RunnableBuildOperationWorker.execute(DefaultBuildOperationExecutor.java:328)
	at org.gradle.internal.progress.DefaultBuildOperationExecutor.execute(DefaultBuildOperationExecutor.java:199)
	at org.gradle.internal.progress.DefaultBuildOperationExecutor.run(DefaultBuildOperationExecutor.java:110)
	at org.gradle.launcher.exec.RunAsBuildOperationBuildActionRunner.run(RunAsBuildOperationBuildActionRunner.java:40)
	at org.gradle.tooling.internal.provider.SubscribableBuildActionRunner.run(SubscribableBuildActionRunner.java:51)
	at org.gradle.launcher.exec.InProcessBuildActionExecuter.execute(InProcessBuildActionExecuter.java:49)
	at org.gradle.launcher.exec.InProcessBuildActionExecuter.execute(InProcessBuildActionExecuter.java:32)
	at org.gradle.launcher.exec.BuildTreeScopeBuildActionExecuter.execute(BuildTreeScopeBuildActionExecuter.java:39)
	at org.gradle.launcher.exec.BuildTreeScopeBuildActionExecuter.execute(BuildTreeScopeBuildActionExecuter.java:25)
	at org.gradle.tooling.internal.provider.ContinuousBuildActionExecuter.execute(ContinuousBuildActionExecuter.java:80)
	at org.gradle.tooling.internal.provider.ContinuousBuildActionExecuter.execute(ContinuousBuildActionExecuter.java:53)
	at org.gradle.tooling.internal.provider.ServicesSetupBuildActionExecuter.execute(ServicesSetupBuildActionExecuter.java:57)
	at org.gradle.tooling.internal.provider.ServicesSetupBuildActionExecuter.execute(ServicesSetupBuildActionExecuter.java:32)
	at org.gradle.tooling.internal.provider.GradleThreadBuildActionExecuter.execute(GradleThreadBuildActionExecuter.java:36)
	at org.gradle.tooling.internal.provider.GradleThreadBuildActionExecuter.execute(GradleThreadBuildActionExecuter.java:25)
	at org.gradle.tooling.internal.provider.ParallelismConfigurationBuildActionExecuter.execute(ParallelismConfigurationBuildActionExecuter.java:43)
	at org.gradle.tooling.internal.provider.ParallelismConfigurationBuildActionExecuter.execute(ParallelismConfigurationBuildActionExecuter.java:29)
	at org.gradle.tooling.internal.provider.StartParamsValidatingActionExecuter.execute(StartParamsValidatingActionExecuter.java:64)
	at org.gradle.tooling.internal.provider.StartParamsValidatingActionExecuter.execute(StartParamsValidatingActionExecuter.java:29)
	at org.gradle.tooling.internal.provider.SessionFailureReportingActionExecuter.execute(SessionFailureReportingActionExecuter.java:59)
	at org.gradle.tooling.internal.provider.SessionFailureReportingActionExecuter.execute(SessionFailureReportingActionExecuter.java:44)
	at org.gradle.tooling.internal.provider.SetupLoggingActionExecuter.execute(SetupLoggingActionExecuter.java:45)
	at org.gradle.tooling.internal.provider.SetupLoggingActionExecuter.execute(SetupLoggingActionExecuter.java:30)
	at org.gradle.launcher.cli.RunBuildAction.run(RunBuildAction.java:51)
	at org.gradle.internal.Actions$RunnableActionAdapter.execute(Actions.java:173)
	at org.gradle.launcher.cli.CommandLineActionFactory$ParseAndBuildAction.execute(CommandLineActionFactory.java:285)
	at org.gradle.launcher.cli.CommandLineActionFactory$ParseAndBuildAction.execute(CommandLineActionFactory.java:258)
	at org.gradle.launcher.cli.ExceptionReportingAction.execute(ExceptionReportingAction.java:33)
	at org.gradle.launcher.cli.ExceptionReportingAction.execute(ExceptionReportingAction.java:22)
	at org.gradle.launcher.cli.CommandLineActionFactory$WithLogging.execute(CommandLineActionFactory.java:251)
	at org.gradle.launcher.cli.CommandLineActionFactory$WithLogging.execute(CommandLineActionFactory.java:185)
	at org.gradle.launcher.Main.doAction(Main.java:36)
	at org.gradle.launcher.bootstrap.EntryPoint.run(EntryPoint.java:45)
	at org.gradle.launcher.bootstrap.ProcessBootstrap.runNoExit(ProcessBootstrap.java:60)
	at org.gradle.launcher.bootstrap.ProcessBootstrap.run(ProcessBootstrap.java:37)
	at org.gradle.launcher.GradleMain.main(GradleMain.java:23)
	at org.gradle.wrapper.BootstrapMainStarter.start(BootstrapMainStarter.java:31)
	at org.gradle.wrapper.WrapperExecutor.execute(WrapperExecutor.java:108)
	at org.gradle.wrapper.GradleWrapperMain.main(GradleWrapperMain.java:61)
Caused by: com.android.builder.internal.aapt.v2.Aapt2Exception: Android resource linking failed
Output:  /private/var/folders/bq/vtzpc5ns5sg2cthy61lqpg3dfzgbys/T/1551412947130-0/src/BubbleScrollBar-master/app/src/main/res/layout/activity_sample.xml:18: error: '#40D81B60' is incompatible with attribute scrollbarBackground (attr) reference [weak].
error: failed linking file resources.

Command: /Users/vbauer/.gradle/caches/transforms-1/files-1.1/aapt2-3.2.1-4818971-osx.jar/0ffb2ff58f6753cdb73b76d3f3e5c351/aapt2-3.2.1-4818971-osx/aapt2 link -I\
        /Users/vbauer/Library/Android/sdk/platforms/android-28/android.jar\
        --manifest\
        /private/var/folders/bq/vtzpc5ns5sg2cthy61lqpg3dfzgbys/T/1551412947130-0/src/BubbleScrollBar-master/app/build/intermediates/merged_manifests/debug/processDebugManifest/merged/AndroidManifest.xml\
        -o\
        /private/var/folders/bq/vtzpc5ns5sg2cthy61lqpg3dfzgbys/T/1551412947130-0/src/BubbleScrollBar-master/app/build/intermediates/processed_res/debug/processDebugResources/out/resources-debug.ap_\
        -R\
        @/private/var/folders/bq/vtzpc5ns5sg2cthy61lqpg3dfzgbys/T/1551412947130-0/src/BubbleScrollBar-master/app/build/intermediates/incremental/processDebugResources/resources-list-for-resources-debug.ap_.txt\
        --auto-add-overlay\
        --java\
        /private/var/folders/bq/vtzpc5ns5sg2cthy61lqpg3dfzgbys/T/1551412947130-0/src/BubbleScrollBar-master/app/build/generated/not_namespaced_r_class_sources/debug/processDebugResources/r\
        --custom-package\
        com.trendyol.bubblescrollbar\
        -0\
        apk\
        --output-text-symbols\
        /private/var/folders/bq/vtzpc5ns5sg2cthy61lqpg3dfzgbys/T/1551412947130-0/src/BubbleScrollBar-master/app/build/intermediates/symbols/debug/R.txt\
        --no-version-vectors
Daemon:  AAPT2 aapt2-3.2.1-4818971-osx Daemon #0
Output:  /private/var/folders/bq/vtzpc5ns5sg2cthy61lqpg3dfzgbys/T/1551412947130-0/src/BubbleScrollBar-master/app/src/main/res/layout/activity_sample.xml:18: AAPT: error: '#40D81B60' is incompatible with attribute scrollbarBackground (attr) reference [weak].
    
error: failed linking file resources.
Command: /Users/vbauer/.gradle/caches/transforms-1/files-1.1/aapt2-3.2.1-4818971-osx.jar/0ffb2ff58f6753cdb73b76d3f3e5c351/aapt2-3.2.1-4818971-osx/aapt2 link -I\
        /Users/vbauer/Library/Android/sdk/platforms/android-28/android.jar\
        --manifest\
        /private/var/folders/bq/vtzpc5ns5sg2cthy61lqpg3dfzgbys/T/1551412947130-0/src/BubbleScrollBar-master/app/build/intermediates/merged_manifests/debug/processDebugManifest/merged/AndroidManifest.xml\
        -o\
        /private/var/folders/bq/vtzpc5ns5sg2cthy61lqpg3dfzgbys/T/1551412947130-0/src/BubbleScrollBar-master/app/build/intermediates/processed_res/debug/processDebugResources/out/resources-debug.ap_\
        -R\
        @/private/var/folders/bq/vtzpc5ns5sg2cthy61lqpg3dfzgbys/T/1551412947130-0/src/BubbleScrollBar-master/app/build/intermediates/incremental/processDebugResources/resources-list-for-resources-debug.ap_.txt\
        --auto-add-overlay\
        --java\
        /private/var/folders/bq/vtzpc5ns5sg2cthy61lqpg3dfzgbys/T/1551412947130-0/src/BubbleScrollBar-master/app/build/generated/not_namespaced_r_class_sources/debug/processDebugResources/r\
        --custom-package\
        com.trendyol.bubblescrollbar\
        -0\
        apk\
        --output-text-symbols\
        /private/var/folders/bq/vtzpc5ns5sg2cthy61lqpg3dfzgbys/T/1551412947130-0/src/BubbleScrollBar-master/app/build/intermediates/symbols/debug/R.txt\
        --no-version-vectors
Daemon:  AAPT2 aapt2-3.2.1-4818971-osx Daemon #0
	at com.android.build.gradle.internal.res.Aapt2ErrorUtils.rewriteException(Aapt2ErrorUtils.kt:97)
	at com.android.build.gradle.internal.res.Aapt2ErrorUtils.rewriteLinkException(Aapt2ErrorUtils.kt:73)
	at com.android.build.gradle.internal.res.LinkApplicationAndroidResourcesTask.invokeAaptForSplit(LinkApplicationAndroidResourcesTask.java:527)
	at com.android.build.gradle.internal.res.LinkApplicationAndroidResourcesTask.doFullTaskAction(LinkApplicationAndroidResourcesTask.java:275)
	at com.android.build.gradle.internal.tasks.IncrementalTask.taskAction(IncrementalTask.java:106)
	at org.gradle.internal.reflect.JavaMethod.invoke(JavaMethod.java:73)
	at org.gradle.api.internal.project.taskfactory.IncrementalTaskAction.doExecute(IncrementalTaskAction.java:50)
	at org.gradle.api.internal.project.taskfactory.StandardTaskAction.execute(StandardTaskAction.java:39)
	at org.gradle.api.internal.project.taskfactory.StandardTaskAction.execute(StandardTaskAction.java:26)
	at org.gradle.api.internal.tasks.execution.ExecuteActionsTaskExecuter$1.run(ExecuteActionsTaskExecuter.java:124)
	at org.gradle.internal.progress.DefaultBuildOperationExecutor$RunnableBuildOperationWorker.execute(DefaultBuildOperationExecutor.java:336)
	at org.gradle.internal.progress.DefaultBuildOperationExecutor$RunnableBuildOperationWorker.execute(DefaultBuildOperationExecutor.java:328)
	at org.gradle.internal.progress.DefaultBuildOperationExecutor.execute(DefaultBuildOperationExecutor.java:199)
	at org.gradle.internal.progress.DefaultBuildOperationExecutor.run(DefaultBuildOperationExecutor.java:110)
	at org.gradle.api.internal.tasks.execution.ExecuteActionsTaskExecuter.executeAction(ExecuteActionsTaskExecuter.java:113)
	at org.gradle.api.internal.tasks.execution.ExecuteActionsTaskExecuter.executeActions(ExecuteActionsTaskExecuter.java:95)
	... 93 more
Caused by: com.android.builder.internal.aapt.v2.Aapt2Exception: Android resource linking failed
Output:  /private/var/folders/bq/vtzpc5ns5sg2cthy61lqpg3dfzgbys/T/1551412947130-0/src/BubbleScrollBar-master/app/src/main/res/layout/activity_sample.xml:18: error: '#40D81B60' is incompatible with attribute scrollbarBackground (attr) reference [weak].
error: failed linking file resources.

Command: /Users/vbauer/.gradle/caches/transforms-1/files-1.1/aapt2-3.2.1-4818971-osx.jar/0ffb2ff58f6753cdb73b76d3f3e5c351/aapt2-3.2.1-4818971-osx/aapt2 link -I\
        /Users/vbauer/Library/Android/sdk/platforms/android-28/android.jar\
        --manifest\
        /private/var/folders/bq/vtzpc5ns5sg2cthy61lqpg3dfzgbys/T/1551412947130-0/src/BubbleScrollBar-master/app/build/intermediates/merged_manifests/debug/processDebugManifest/merged/AndroidManifest.xml\
        -o\
        /private/var/folders/bq/vtzpc5ns5sg2cthy61lqpg3dfzgbys/T/1551412947130-0/src/BubbleScrollBar-master/app/build/intermediates/processed_res/debug/processDebugResources/out/resources-debug.ap_\
        -R\
        @/private/var/folders/bq/vtzpc5ns5sg2cthy61lqpg3dfzgbys/T/1551412947130-0/src/BubbleScrollBar-master/app/build/intermediates/incremental/processDebugResources/resources-list-for-resources-debug.ap_.txt\
        --auto-add-overlay\
        --java\
        /private/var/folders/bq/vtzpc5ns5sg2cthy61lqpg3dfzgbys/T/1551412947130-0/src/BubbleScrollBar-master/app/build/generated/not_namespaced_r_class_sources/debug/processDebugResources/r\
        --custom-package\
        com.trendyol.bubblescrollbar\
        -0\
        apk\
        --output-text-symbols\
        /private/var/folders/bq/vtzpc5ns5sg2cthy61lqpg3dfzgbys/T/1551412947130-0/src/BubbleScrollBar-master/app/build/intermediates/symbols/debug/R.txt\
        --no-version-vectors
Daemon:  AAPT2 aapt2-3.2.1-4818971-osx Daemon #0
	at com.android.builder.internal.aapt.v2.Aapt2DaemonImpl.doLink(Aapt2DaemonImpl.kt:177)
	at com.android.builder.internal.aapt.v2.Aapt2Daemon.link(Aapt2Daemon.kt:103)
	at com.android.builder.internal.aapt.v2.Aapt2DaemonManager$LeasedAaptDaemon.link(Aapt2DaemonManager.kt:176)
	at com.android.builder.core.AndroidBuilder.processResources(AndroidBuilder.java:823)
	at com.android.build.gradle.internal.res.LinkApplicationAndroidResourcesTask.invokeAaptForSplit(LinkApplicationAndroidResourcesTask.java:525)
	... 106 more


* Get more help at https://help.gradle.org

BUILD FAILED in 7s
24 actionable tasks: 1 executed, 23 up-to-date

2019-03-01 11:03:49,325 ERROR FullProcessService - Project build has not produced APK file
2019-03-01 11:03:49,435 ERROR FullProcessService - Could not find generated or existed APK file
